{"uuid":"5d897973-e5b4-4099-b89d-fbcbf584c4f7","historyId":"e0f4578ddabdbfea74470dfe12600933","fullName":"Book Management API Validations: Create a book with valid details","labels":[{"name":"tag","value":"BookManagementFeature"},{"name":"tag","value":"regression"},{"name":"tag","value":"CreateBook"},{"name":"tag","value":"regression"},{"name":"tag","value":"smoke"},{"name":"host","value":"ASLA"},{"name":"thread","value":"20352@ASLA.main(3)"},{"name":"feature","value":"Book Management API Validations"},{"name":"story","value":"Create a book with valid details"},{"name":"suite","value":"Book Management API Validations"},{"name":"testClass","value":"Create a book with valid details"},{"name":"framework","value":"cucumber4jvm"},{"name":"language","value":"java"},{"name":"gherkin_uri","value":"classpath:features/BookManagementStep.feature"},{"name":"package","value":"features.BookManagementStep_feature.Book Management API Validations"}],"links":[],"name":"Create a book with valid details","status":"failed","statusDetails":{"known":false,"muted":false,"flaky":false,"message":"Unexpected status code expected:<200> but was:<500>","trace":"java.lang.AssertionError: Unexpected status code expected:<200> but was:<500>\r\n\tat org.junit.Assert.fail(Assert.java:89)\r\n\tat org.junit.Assert.failNotEquals(Assert.java:835)\r\n\tat org.junit.Assert.assertEquals(Assert.java:647)\r\n\tat com.bookstore.stepdefs.BookManagementSteps.validateCreateBookResponse(BookManagementSteps.java:88)\r\n\tat ✽.validate book creation response code is 200 and response contains book details(classpath:features/BookManagementStep.feature:11)\r\n"},"stage":"finished","steps":[{"name":"Given  a user signs up and logs in successfully","status":"passed","statusDetails":{"known":false,"muted":false,"flaky":false},"stage":"finished","steps":[{"name":"User signup response: {\"message\":\"User created successfully\"}","status":"passed","stage":"finished","steps":[],"attachments":[],"parameters":[],"start":1748169690745,"stop":1748169690745},{"name":"User login successful. Access token: eyJ0eXAiOiJKV1QiLCJhbGciOiJIUzI1NiJ9.eyJzdWIiOiJib29rZmxvd191c2VyXzE3NDgxNjk2OTAzMzlAbWFpbC5jb20iLCJleHAiOjE3NDgxNzE0OTF9.qU_bFq1DuLJR5QJH_F_uaAWpPIvJIIJCaOFgBZaTNPg","status":"passed","stage":"finished","steps":[],"attachments":[],"parameters":[],"start":1748169691123,"stop":1748169691123}],"attachments":[],"parameters":[],"start":1748169690339,"stop":1748169691123},{"name":"Given  a book payload with name \"AutomationQA\", author \"Bob\", year 2025, and summary \"Test coverage\" is prepared","status":"passed","statusDetails":{"known":false,"muted":false,"flaky":false},"stage":"finished","steps":[{"name":"Prepared book payload: Book{id=91124, name='AutomationQA', author='Bob', published_year=2025, book_summary='Test coverage'}","status":"passed","stage":"finished","steps":[],"attachments":[],"parameters":[],"start":1748169691124,"stop":1748169691124}],"attachments":[],"parameters":[],"start":1748169691124,"stop":1748169691125},{"name":"When  user sends a request to create a new book","status":"passed","statusDetails":{"known":false,"muted":false,"flaky":false},"stage":"finished","steps":[{"name":"Book creation response: Status = 500, Body = Internal Server Error","status":"passed","stage":"finished","steps":[],"attachments":[],"parameters":[],"start":1748169691142,"stop":1748169691142}],"attachments":[],"parameters":[],"start":1748169691125,"stop":1748169691143},{"name":"Then  validate book creation response code is 200 and response contains book details","status":"failed","statusDetails":{"known":false,"muted":false,"flaky":false,"message":"Unexpected status code expected:<200> but was:<500>","trace":"java.lang.AssertionError: Unexpected status code expected:<200> but was:<500>\r\n\tat org.junit.Assert.fail(Assert.java:89)\r\n\tat org.junit.Assert.failNotEquals(Assert.java:835)\r\n\tat org.junit.Assert.assertEquals(Assert.java:647)\r\n\tat com.bookstore.stepdefs.BookManagementSteps.validateCreateBookResponse(BookManagementSteps.java:88)\r\n\tat ✽.validate book creation response code is 200 and response contains book details(classpath:features/BookManagementStep.feature:11)\r\n"},"stage":"finished","steps":[{"name":"Response Status Code: 500","status":"passed","stage":"finished","steps":[],"attachments":[],"parameters":[],"start":1748169691143,"stop":1748169691143},{"name":"Raw Response Body: Internal Server Error","status":"passed","stage":"finished","steps":[],"attachments":[],"parameters":[],"start":1748169691143,"stop":1748169691143}],"attachments":[],"parameters":[],"start":1748169691143,"stop":1748169691144}],"attachments":[],"parameters":[{"name":"name","value":"AutomationQA"},{"name":"author","value":"Bob"},{"name":"year","value":"2025"},{"name":"summary","value":"Test coverage"}],"start":1748169690338,"stop":1748169691145}