<?xml version="1.0" encoding="UTF-8"?>
<testsuite xmlns:xsi="http://www.w3.org/2001/XMLSchema-instance" xsi:noNamespaceSchemaLocation="https://maven.apache.org/surefire/maven-surefire-plugin/xsd/surefire-test-report-3.0.xsd" version="3.0" name="com.bookstore.runners.TestRunner" time="15.001" tests="17" errors="1" skipped="0" failures="3">
  <properties>
    <property name="java.specification.version" value="24"/>
    <property name="sun.cpu.isalist" value="amd64"/>
    <property name="sun.jnu.encoding" value="Cp1252"/>
    <property name="java.class.path" value="D:\Visual Studio Code Projects\final\new book\bookstore-api-test-master\target\test-classes;D:\Visual Studio Code Projects\final\new book\bookstore-api-test-master\target\classes;C:\Users\moham\.m2\repository\org\slf4j\slf4j-simple\1.7.36\slf4j-simple-1.7.36.jar;C:\Users\moham\.m2\repository\org\slf4j\slf4j-api\1.7.36\slf4j-api-1.7.36.jar;C:\Users\moham\.m2\repository\ch\qos\logback\logback-classic\1.2.11\logback-classic-1.2.11.jar;C:\Users\moham\.m2\repository\ch\qos\logback\logback-core\1.2.11\logback-core-1.2.11.jar;C:\Users\moham\.m2\repository\io\cucumber\cucumber-java\7.11.2\cucumber-java-7.11.2.jar;C:\Users\moham\.m2\repository\io\cucumber\cucumber-core\7.11.2\cucumber-core-7.11.2.jar;C:\Users\moham\.m2\repository\io\cucumber\cucumber-gherkin\7.11.2\cucumber-gherkin-7.11.2.jar;C:\Users\moham\.m2\repository\io\cucumber\cucumber-gherkin-messages\7.11.2\cucumber-gherkin-messages-7.11.2.jar;C:\Users\moham\.m2\repository\io\cucumber\messages\22.0.0\messages-22.0.0.jar;C:\Users\moham\.m2\repository\io\cucumber\tag-expressions\5.0.1\tag-expressions-5.0.1.jar;C:\Users\moham\.m2\repository\io\cucumber\cucumber-expressions\16.1.2\cucumber-expressions-16.1.2.jar;C:\Users\moham\.m2\repository\io\cucumber\datatable\7.11.2\datatable-7.11.2.jar;C:\Users\moham\.m2\repository\io\cucumber\cucumber-plugin\7.11.2\cucumber-plugin-7.11.2.jar;C:\Users\moham\.m2\repository\io\cucumber\docstring\7.11.2\docstring-7.11.2.jar;C:\Users\moham\.m2\repository\io\cucumber\html-formatter\20.2.1\html-formatter-20.2.1.jar;C:\Users\moham\.m2\repository\io\cucumber\junit-xml-formatter\0.1.0\junit-xml-formatter-0.1.0.jar;C:\Users\moham\.m2\repository\io\cucumber\ci-environment\9.1.0\ci-environment-9.1.0.jar;C:\Users\moham\.m2\repository\org\apiguardian\apiguardian-api\1.1.2\apiguardian-api-1.1.2.jar;C:\Users\moham\.m2\repository\io\cucumber\cucumber-junit\7.11.2\cucumber-junit-7.11.2.jar;C:\Users\moham\.m2\repository\io\qameta\allure\allure-java-commons\2.21.0\allure-java-commons-2.21.0.jar;C:\Users\moham\.m2\repository\io\qameta\allure\allure-model\2.21.0\allure-model-2.21.0.jar;C:\Users\moham\.m2\repository\io\qameta\allure\allure-cucumber7-jvm\2.21.0\allure-cucumber7-jvm-2.21.0.jar;C:\Users\moham\.m2\repository\io\cucumber\gherkin\26.0.0\gherkin-26.0.0.jar;C:\Users\moham\.m2\repository\com\fasterxml\jackson\core\jackson-databind\2.15.3\jackson-databind-2.15.3.jar;C:\Users\moham\.m2\repository\com\fasterxml\jackson\core\jackson-core\2.15.3\jackson-core-2.15.3.jar;C:\Users\moham\.m2\repository\com\fasterxml\jackson\core\jackson-annotations\2.15.3\jackson-annotations-2.15.3.jar;C:\Users\moham\.m2\repository\io\rest-assured\rest-assured\5.3.0\rest-assured-5.3.0.jar;C:\Users\moham\.m2\repository\org\apache\groovy\groovy\4.0.6\groovy-4.0.6.jar;C:\Users\moham\.m2\repository\org\apache\groovy\groovy-xml\4.0.6\groovy-xml-4.0.6.jar;C:\Users\moham\.m2\repository\org\apache\httpcomponents\httpclient\4.5.13\httpclient-4.5.13.jar;C:\Users\moham\.m2\repository\org\apache\httpcomponents\httpcore\4.4.13\httpcore-4.4.13.jar;C:\Users\moham\.m2\repository\commons-logging\commons-logging\1.2\commons-logging-1.2.jar;C:\Users\moham\.m2\repository\commons-codec\commons-codec\1.11\commons-codec-1.11.jar;C:\Users\moham\.m2\repository\org\apache\httpcomponents\httpmime\4.5.13\httpmime-4.5.13.jar;C:\Users\moham\.m2\repository\org\hamcrest\hamcrest\2.1\hamcrest-2.1.jar;C:\Users\moham\.m2\repository\org\ccil\cowan\tagsoup\tagsoup\1.2.1\tagsoup-1.2.1.jar;C:\Users\moham\.m2\repository\io\rest-assured\json-path\5.3.0\json-path-5.3.0.jar;C:\Users\moham\.m2\repository\org\apache\groovy\groovy-json\4.0.6\groovy-json-4.0.6.jar;C:\Users\moham\.m2\repository\io\rest-assured\rest-assured-common\5.3.0\rest-assured-common-5.3.0.jar;C:\Users\moham\.m2\repository\io\rest-assured\xml-path\5.3.0\xml-path-5.3.0.jar;C:\Users\moham\.m2\repository\org\apache\commons\commons-lang3\3.11\commons-lang3-3.11.jar;C:\Users\moham\.m2\repository\junit\junit\4.13.2\junit-4.13.2.jar;C:\Users\moham\.m2\repository\org\hamcrest\hamcrest-core\1.3\hamcrest-core-1.3.jar;"/>
    <property name="java.vm.vendor" value="Oracle Corporation"/>
    <property name="sun.arch.data.model" value="64"/>
    <property name="user.variant" value=""/>
    <property name="java.vendor.url" value="https://java.oracle.com/"/>
    <property name="user.timezone" value="Asia/Calcutta"/>
    <property name="os.name" value="Windows 11"/>
    <property name="java.vm.specification.version" value="24"/>
    <property name="sun.java.launcher" value="SUN_STANDARD"/>
    <property name="user.country" value="IN"/>
    <property name="sun.boot.library.path" value="D:\Windows Applications\JAVA JDK\bin"/>
    <property name="sun.java.command" value="C:\Users\moham\AppData\Local\Temp\surefire12317865219525137382\surefirebooter-20250525161124374_3.jar C:\Users\moham\AppData\Local\Temp\surefire12317865219525137382 2025-05-25T16-11-24_168-jvmRun1 surefire-20250525161124374_1tmp surefire_0-20250525161124374_2tmp"/>
    <property name="jdk.debug" value="release"/>
    <property name="surefire.test.class.path" value="D:\Visual Studio Code Projects\final\new book\bookstore-api-test-master\target\test-classes;D:\Visual Studio Code Projects\final\new book\bookstore-api-test-master\target\classes;C:\Users\moham\.m2\repository\org\slf4j\slf4j-simple\1.7.36\slf4j-simple-1.7.36.jar;C:\Users\moham\.m2\repository\org\slf4j\slf4j-api\1.7.36\slf4j-api-1.7.36.jar;C:\Users\moham\.m2\repository\ch\qos\logback\logback-classic\1.2.11\logback-classic-1.2.11.jar;C:\Users\moham\.m2\repository\ch\qos\logback\logback-core\1.2.11\logback-core-1.2.11.jar;C:\Users\moham\.m2\repository\io\cucumber\cucumber-java\7.11.2\cucumber-java-7.11.2.jar;C:\Users\moham\.m2\repository\io\cucumber\cucumber-core\7.11.2\cucumber-core-7.11.2.jar;C:\Users\moham\.m2\repository\io\cucumber\cucumber-gherkin\7.11.2\cucumber-gherkin-7.11.2.jar;C:\Users\moham\.m2\repository\io\cucumber\cucumber-gherkin-messages\7.11.2\cucumber-gherkin-messages-7.11.2.jar;C:\Users\moham\.m2\repository\io\cucumber\messages\22.0.0\messages-22.0.0.jar;C:\Users\moham\.m2\repository\io\cucumber\tag-expressions\5.0.1\tag-expressions-5.0.1.jar;C:\Users\moham\.m2\repository\io\cucumber\cucumber-expressions\16.1.2\cucumber-expressions-16.1.2.jar;C:\Users\moham\.m2\repository\io\cucumber\datatable\7.11.2\datatable-7.11.2.jar;C:\Users\moham\.m2\repository\io\cucumber\cucumber-plugin\7.11.2\cucumber-plugin-7.11.2.jar;C:\Users\moham\.m2\repository\io\cucumber\docstring\7.11.2\docstring-7.11.2.jar;C:\Users\moham\.m2\repository\io\cucumber\html-formatter\20.2.1\html-formatter-20.2.1.jar;C:\Users\moham\.m2\repository\io\cucumber\junit-xml-formatter\0.1.0\junit-xml-formatter-0.1.0.jar;C:\Users\moham\.m2\repository\io\cucumber\ci-environment\9.1.0\ci-environment-9.1.0.jar;C:\Users\moham\.m2\repository\org\apiguardian\apiguardian-api\1.1.2\apiguardian-api-1.1.2.jar;C:\Users\moham\.m2\repository\io\cucumber\cucumber-junit\7.11.2\cucumber-junit-7.11.2.jar;C:\Users\moham\.m2\repository\io\qameta\allure\allure-java-commons\2.21.0\allure-java-commons-2.21.0.jar;C:\Users\moham\.m2\repository\io\qameta\allure\allure-model\2.21.0\allure-model-2.21.0.jar;C:\Users\moham\.m2\repository\io\qameta\allure\allure-cucumber7-jvm\2.21.0\allure-cucumber7-jvm-2.21.0.jar;C:\Users\moham\.m2\repository\io\cucumber\gherkin\26.0.0\gherkin-26.0.0.jar;C:\Users\moham\.m2\repository\com\fasterxml\jackson\core\jackson-databind\2.15.3\jackson-databind-2.15.3.jar;C:\Users\moham\.m2\repository\com\fasterxml\jackson\core\jackson-core\2.15.3\jackson-core-2.15.3.jar;C:\Users\moham\.m2\repository\com\fasterxml\jackson\core\jackson-annotations\2.15.3\jackson-annotations-2.15.3.jar;C:\Users\moham\.m2\repository\io\rest-assured\rest-assured\5.3.0\rest-assured-5.3.0.jar;C:\Users\moham\.m2\repository\org\apache\groovy\groovy\4.0.6\groovy-4.0.6.jar;C:\Users\moham\.m2\repository\org\apache\groovy\groovy-xml\4.0.6\groovy-xml-4.0.6.jar;C:\Users\moham\.m2\repository\org\apache\httpcomponents\httpclient\4.5.13\httpclient-4.5.13.jar;C:\Users\moham\.m2\repository\org\apache\httpcomponents\httpcore\4.4.13\httpcore-4.4.13.jar;C:\Users\moham\.m2\repository\commons-logging\commons-logging\1.2\commons-logging-1.2.jar;C:\Users\moham\.m2\repository\commons-codec\commons-codec\1.11\commons-codec-1.11.jar;C:\Users\moham\.m2\repository\org\apache\httpcomponents\httpmime\4.5.13\httpmime-4.5.13.jar;C:\Users\moham\.m2\repository\org\hamcrest\hamcrest\2.1\hamcrest-2.1.jar;C:\Users\moham\.m2\repository\org\ccil\cowan\tagsoup\tagsoup\1.2.1\tagsoup-1.2.1.jar;C:\Users\moham\.m2\repository\io\rest-assured\json-path\5.3.0\json-path-5.3.0.jar;C:\Users\moham\.m2\repository\org\apache\groovy\groovy-json\4.0.6\groovy-json-4.0.6.jar;C:\Users\moham\.m2\repository\io\rest-assured\rest-assured-common\5.3.0\rest-assured-common-5.3.0.jar;C:\Users\moham\.m2\repository\io\rest-assured\xml-path\5.3.0\xml-path-5.3.0.jar;C:\Users\moham\.m2\repository\org\apache\commons\commons-lang3\3.11\commons-lang3-3.11.jar;C:\Users\moham\.m2\repository\junit\junit\4.13.2\junit-4.13.2.jar;C:\Users\moham\.m2\repository\org\hamcrest\hamcrest-core\1.3\hamcrest-core-1.3.jar;"/>
    <property name="sun.cpu.endian" value="little"/>
    <property name="user.home" value="C:\Users\moham"/>
    <property name="user.language" value="en"/>
    <property name="java.specification.vendor" value="Oracle Corporation"/>
    <property name="java.version.date" value="2025-04-15"/>
    <property name="java.home" value="D:\Windows Applications\JAVA JDK"/>
    <property name="file.separator" value="\"/>
    <property name="basedir" value="D:\Visual Studio Code Projects\final\new book\bookstore-api-test-master"/>
    <property name="java.vm.compressedOopsMode" value="32-bit"/>
    <property name="line.separator" value="&#10;"/>
    <property name="java.vm.specification.vendor" value="Oracle Corporation"/>
    <property name="java.specification.name" value="Java Platform API Specification"/>
    <property name="surefire.real.class.path" value="C:\Users\moham\AppData\Local\Temp\surefire12317865219525137382\surefirebooter-20250525161124374_3.jar"/>
    <property name="user.script" value=""/>
    <property name="sun.management.compiler" value="HotSpot 64-Bit Tiered Compilers"/>
    <property name="java.runtime.version" value="24.0.1+9-30"/>
    <property name="user.name" value="moham"/>
    <property name="stdout.encoding" value="Cp1252"/>
    <property name="path.separator" value=";"/>
    <property name="os.version" value="10.0"/>
    <property name="java.runtime.name" value="Java(TM) SE Runtime Environment"/>
    <property name="file.encoding" value="UTF-8"/>
    <property name="java.vm.name" value="Java HotSpot(TM) 64-Bit Server VM"/>
    <property name="localRepository" value="C:\Users\moham\.m2\repository"/>
    <property name="java.vendor.url.bug" value="https://bugreport.java.com/bugreport/"/>
    <property name="java.io.tmpdir" value="C:\Users\moham\AppData\Local\Temp\"/>
    <property name="java.version" value="24.0.1"/>
    <property name="user.dir" value="D:\Visual Studio Code Projects\final\new book\bookstore-api-test-master"/>
    <property name="os.arch" value="amd64"/>
    <property name="java.vm.specification.name" value="Java Virtual Machine Specification"/>
    <property name="sun.os.patch.level" value=""/>
    <property name="native.encoding" value="Cp1252"/>
    <property name="java.library.path" value="D:\Windows Applications\JAVA JDK\bin;C:\WINDOWS\Sun\Java\bin;C:\WINDOWS\system32;C:\WINDOWS;C:\Users\moham\bin;D:\Windows Applications\Git\Git\mingw64\bin;D:\Windows Applications\Git\Git\usr\local\bin;D:\Windows Applications\Git\Git\usr\bin;D:\Windows Applications\Git\Git\usr\bin;D:\Windows Applications\Git\Git\mingw64\bin;D:\Windows Applications\Git\Git\usr\bin;C:\Users\moham\bin;C:\Program Files\Common Files\Oracle\Java\javapath;C:\Program Files (x86)\Common Files\Oracle\Java\java8path;C:\Program Files (x86)\Common Files\Oracle\Java\javapath;D:\Windows Applications\Python IDE\Scripts;D:\Windows Applications\Python IDE;C:\WINDOWS\system32;C:\WINDOWS;C:\WINDOWS\System32\Wbem;C:\WINDOWS\System32\WindowsPowerShell\v1.0;C:\WINDOWS\System32\OpenSSH;D:\Windows Applications\JAVA JDK\bin;D:\Windows Applications\Node JS;C:\ProgramData\chocolatey\bin;D:\Windows Applications\Git\Git\cmd;C:\Program Files\apache-maven\bin;C:\Users\moham\scoop\shims;C:\Users\moham\AppData\Local\Microsoft\WindowsApps;D:\Windows Applications\Visual Studio Code\Microsoft VS Code\bin;C:\Users\moham\AppData\Roaming\npm;D:\Windows Applications\cursor\resources\app\bin;C:\Users\moham\AppData\Roaming\Code\User\globalStorage\github.copilot-chat\debugCommand;D:\Windows Applications\Git\Git\usr\bin\vendor_perl;D:\Windows Applications\Git\Git\usr\bin\core_perl;."/>
    <property name="java.vm.info" value="mixed mode, sharing"/>
    <property name="stderr.encoding" value="Cp1252"/>
    <property name="java.vendor" value="Oracle Corporation"/>
    <property name="java.vm.version" value="24.0.1+9-30"/>
    <property name="sun.io.unicode.encoding" value="UnicodeLittle"/>
    <property name="java.class.version" value="68.0"/>
  </properties>
  <testcase name="Create a book with valid details #1" classname="Book Management API Validations" time="3.93">
    <failure message="Unexpected status code expected:&lt;200&gt; but was:&lt;500&gt;" type="java.lang.AssertionError"><![CDATA[java.lang.AssertionError: Unexpected status code expected:<200> but was:<500>
	at org.junit.Assert.fail(Assert.java:89)
	at org.junit.Assert.failNotEquals(Assert.java:835)
	at org.junit.Assert.assertEquals(Assert.java:647)
	at com.bookstore.stepdefs.BookManagementSteps.validateCreateBookResponse(BookManagementSteps.java:88)
	at ✽.validate book creation response code is 200 and response contains book details(classpath:features/BookManagementStep.feature:11)
]]></failure>
    <system-out><![CDATA[
@BookManagementFeature @regression @CreateBook @regression @smoke
Scenario Outline: Create a book with valid details                                                              &amp#27;[90m# features/BookManagementStep.feature:15&amp#27;[0m
  &amp#27;[32mGiven &amp#27;[0m&amp#27;[32ma user signs up and logs in successfully&amp#27;[0m                                                                &amp#27;[90m# com.bookstore.stepdefs.BookManagementSteps.signUpAndLogin()&amp#27;[0m
  &amp#27;[32mGiven &amp#27;[0m&amp#27;[32ma book payload with name &amp#27;[0m&amp#27;[32m&amp#27;[1m"MyBook1"&amp#27;[0m&amp#27;[32m, author &amp#27;[0m&amp#27;[32m&amp#27;[1m"Alice"&amp#27;[0m&amp#27;[32m, year &amp#27;[0m&amp#27;[32m&amp#27;[1m2024&amp#27;[0m&amp#27;[32m, and summary &amp#27;[0m&amp#27;[32m&amp#27;[1m"A story begins"&amp#27;[0m&amp#27;[32m is prepared&amp#27;[0m &amp#27;[90m# com.bookstore.stepdefs.BookManagementSteps.prepareBookPayload(java.lang.String,java.lang.String,int,java.lang.String)&amp#27;[0m
  &amp#27;[32mWhen &amp#27;[0m&amp#27;[32muser sends a request to create a new book&amp#27;[0m                                                                &amp#27;[90m# com.bookstore.stepdefs.BookManagementSteps.createBookRequest()&amp#27;[0m
  &amp#27;[31mThen &amp#27;[0m&amp#27;[31mvalidate book creation response code is &amp#27;[0m&amp#27;[31m&amp#27;[1m200&amp#27;[0m&amp#27;[31m and response contains book details&amp#27;[0m                           &amp#27;[90m# com.bookstore.stepdefs.BookManagementSteps.validateCreateBookResponse(int)&amp#27;[0m
      &amp#27;[31mjava.lang.AssertionError: Unexpected status code expected:<200> but was:<500>
	at org.junit.Assert.fail(Assert.java:89)
	at org.junit.Assert.failNotEquals(Assert.java:835)
	at org.junit.Assert.assertEquals(Assert.java:647)
	at com.bookstore.stepdefs.BookManagementSteps.validateCreateBookResponse(BookManagementSteps.java:88)
	at ✽.validate book creation response code is 200 and response contains book details(classpath:features/BookManagementStep.feature:11)
&amp#27;[0m
]]></system-out>
    <system-err><![CDATA[SLF4J: Class path contains multiple SLF4J bindings.
SLF4J: Found binding in [jar:file:/C:/Users/moham/.m2/repository/org/slf4j/slf4j-simple/1.7.36/slf4j-simple-1.7.36.jar!/org/slf4j/impl/StaticLoggerBinder.class]
SLF4J: Found binding in [jar:file:/C:/Users/moham/.m2/repository/ch/qos/logback/logback-classic/1.2.11/logback-classic-1.2.11.jar!/org/slf4j/impl/StaticLoggerBinder.class]
SLF4J: See http://www.slf4j.org/codes.html#multiple_bindings for an explanation.
SLF4J: Actual binding is of type [org.slf4j.impl.SimpleLoggerFactory]
]]></system-err>
  </testcase>
  <testcase name="Create a book with valid details #2" classname="Book Management API Validations" time="0.823">
    <failure message="Unexpected status code expected:&lt;200&gt; but was:&lt;500&gt;" type="java.lang.AssertionError"><![CDATA[java.lang.AssertionError: Unexpected status code expected:<200> but was:<500>
	at org.junit.Assert.fail(Assert.java:89)
	at org.junit.Assert.failNotEquals(Assert.java:835)
	at org.junit.Assert.assertEquals(Assert.java:647)
	at com.bookstore.stepdefs.BookManagementSteps.validateCreateBookResponse(BookManagementSteps.java:88)
	at ✽.validate book creation response code is 200 and response contains book details(classpath:features/BookManagementStep.feature:11)
]]></failure>
    <system-out><![CDATA[
@BookManagementFeature @regression @CreateBook @regression @smoke
Scenario Outline: Create a book with valid details                                                                &amp#27;[90m# features/BookManagementStep.feature:16&amp#27;[0m
  &amp#27;[32mGiven &amp#27;[0m&amp#27;[32ma user signs up and logs in successfully&amp#27;[0m                                                                  &amp#27;[90m# com.bookstore.stepdefs.BookManagementSteps.signUpAndLogin()&amp#27;[0m
  &amp#27;[32mGiven &amp#27;[0m&amp#27;[32ma book payload with name &amp#27;[0m&amp#27;[32m&amp#27;[1m"AutomationQA"&amp#27;[0m&amp#27;[32m, author &amp#27;[0m&amp#27;[32m&amp#27;[1m"Bob"&amp#27;[0m&amp#27;[32m, year &amp#27;[0m&amp#27;[32m&amp#27;[1m2025&amp#27;[0m&amp#27;[32m, and summary &amp#27;[0m&amp#27;[32m&amp#27;[1m"Test coverage"&amp#27;[0m&amp#27;[32m is prepared&amp#27;[0m &amp#27;[90m# com.bookstore.stepdefs.BookManagementSteps.prepareBookPayload(java.lang.String,java.lang.String,int,java.lang.String)&amp#27;[0m
  &amp#27;[32mWhen &amp#27;[0m&amp#27;[32muser sends a request to create a new book&amp#27;[0m                                                                  &amp#27;[90m# com.bookstore.stepdefs.BookManagementSteps.createBookRequest()&amp#27;[0m
  &amp#27;[31mThen &amp#27;[0m&amp#27;[31mvalidate book creation response code is &amp#27;[0m&amp#27;[31m&amp#27;[1m200&amp#27;[0m&amp#27;[31m and response contains book details&amp#27;[0m                             &amp#27;[90m# com.bookstore.stepdefs.BookManagementSteps.validateCreateBookResponse(int)&amp#27;[0m
      &amp#27;[31mjava.lang.AssertionError: Unexpected status code expected:<200> but was:<500>
	at org.junit.Assert.fail(Assert.java:89)
	at org.junit.Assert.failNotEquals(Assert.java:835)
	at org.junit.Assert.assertEquals(Assert.java:647)
	at com.bookstore.stepdefs.BookManagementSteps.validateCreateBookResponse(BookManagementSteps.java:88)
	at ✽.validate book creation response code is 200 and response contains book details(classpath:features/BookManagementStep.feature:11)
&amp#27;[0m
]]></system-out>
  </testcase>
  <testcase name="Attempt to create a book with missing name" classname="Book Management API Validations" time="0.829">
    <system-out><![CDATA[
@BookManagementFeature @regression @CreateBookMissingName @regression
Scenario Outline: Attempt to create a book with missing name                                                      &amp#27;[90m# features/BookManagementStep.feature:26&amp#27;[0m
  &amp#27;[32mGiven &amp#27;[0m&amp#27;[32ma user signs up and logs in successfully&amp#27;[0m                                                                  &amp#27;[90m# com.bookstore.stepdefs.BookManagementSteps.signUpAndLogin()&amp#27;[0m
  &amp#27;[32mGiven &amp#27;[0m&amp#27;[32ma book payload missing name with id &amp#27;[0m&amp#27;[32m&amp#27;[1m1&amp#27;[0m&amp#27;[32m, author &amp#27;[0m&amp#27;[32m&amp#27;[1m"Alice"&amp#27;[0m&amp#27;[32m, year &amp#27;[0m&amp#27;[32m&amp#27;[1m2024&amp#27;[0m&amp#27;[32m, and summary &amp#27;[0m&amp#27;[32m&amp#27;[1m"Missing title"&amp#27;[0m&amp#27;[32m is prepared&amp#27;[0m &amp#27;[90m# com.bookstore.stepdefs.BookManagementSteps.prepareBookPayloadMissingName(int,java.lang.String,int,java.lang.String)&amp#27;[0m
  &amp#27;[32mWhen &amp#27;[0m&amp#27;[32muser sends a request to create a new book&amp#27;[0m                                                                  &amp#27;[90m# com.bookstore.stepdefs.BookManagementSteps.createBookRequest()&amp#27;[0m
  &amp#27;[32mThen &amp#27;[0m&amp#27;[32mvalidate book creation fails with code &amp#27;[0m&amp#27;[32m&amp#27;[1m500&amp#27;[0m&amp#27;[32m and error message contains &amp#27;[0m&amp#27;[32m&amp#27;[1m"Internal Server Error"&amp#27;[0m              &amp#27;[90m# com.bookstore.stepdefs.BookManagementSteps.validateBookCreationFailure(int,java.lang.String)&amp#27;[0m
]]></system-out>
  </testcase>
  <testcase name="Fetch all books and validate list" classname="Book Management API Validations" time="0.819">
    <system-out><![CDATA[
@BookManagementFeature @regression @FetchAllBooks @regression
Scenario: Fetch all books and validate list                                  &amp#27;[90m# features/BookManagementStep.feature:29&amp#27;[0m
  &amp#27;[32mGiven &amp#27;[0m&amp#27;[32ma user signs up and logs in successfully&amp#27;[0m                             &amp#27;[90m# com.bookstore.stepdefs.BookManagementSteps.signUpAndLogin()&amp#27;[0m
  &amp#27;[32mWhen &amp#27;[0m&amp#27;[32muser fetches all books&amp#27;[0m                                                &amp#27;[90m# com.bookstore.stepdefs.BookManagementSteps.fetchAllBooks()&amp#27;[0m
  &amp#27;[32mThen &amp#27;[0m&amp#27;[32mverify response code is &amp#27;[0m&amp#27;[32m&amp#27;[1m200&amp#27;[0m&amp#27;[32m and list contains the book name &amp#27;[0m&amp#27;[32m&amp#27;[1m"MyBook1"&amp#27;[0m &amp#27;[90m# com.bookstore.stepdefs.BookManagementSteps.validateBookListResponse(int,java.lang.String)&amp#27;[0m
]]></system-out>
  </testcase>
  <testcase name="Fetch book by valid ID" classname="Book Management API Validations" time="0.795">
    <failure message="expected:&lt;[FetchTestBook]&gt; but was:&lt;[MyBook1]&gt;" type="org.junit.ComparisonFailure"><![CDATA[org.junit.ComparisonFailure: expected:<[FetchTestBook]> but was:<[MyBook1]>
	at org.junit.Assert.assertEquals(Assert.java:117)
	at org.junit.Assert.assertEquals(Assert.java:146)
	at com.bookstore.stepdefs.BookManagementSteps.validateSingleBookResponse(BookManagementSteps.java:175)
	at ✽.verify single book fetch response code is 200 and book name is "FetchTestBook"(classpath:features/BookManagementStep.feature:38)
]]></failure>
    <system-out><![CDATA[
@BookManagementFeature @regression @FetchBookById @regression @smoke
Scenario: Fetch book by valid ID                                                                                  &amp#27;[90m# features/BookManagementStep.feature:34&amp#27;[0m
  &amp#27;[32mGiven &amp#27;[0m&amp#27;[32ma user signs up and logs in successfully&amp#27;[0m                                                                  &amp#27;[90m# com.bookstore.stepdefs.BookManagementSteps.signUpAndLogin()&amp#27;[0m
  &amp#27;[32mGiven &amp#27;[0m&amp#27;[32ma book payload with name &amp#27;[0m&amp#27;[32m&amp#27;[1m"FetchTestBook"&amp#27;[0m&amp#27;[32m, author &amp#27;[0m&amp#27;[32m&amp#27;[1m"QA"&amp#27;[0m&amp#27;[32m, year &amp#27;[0m&amp#27;[32m&amp#27;[1m2023&amp#27;[0m&amp#27;[32m, and summary &amp#27;[0m&amp#27;[32m&amp#27;[1m"To be fetched"&amp#27;[0m&amp#27;[32m is prepared&amp#27;[0m &amp#27;[90m# com.bookstore.stepdefs.BookManagementSteps.prepareBookPayload(java.lang.String,java.lang.String,int,java.lang.String)&amp#27;[0m
  &amp#27;[32mWhen &amp#27;[0m&amp#27;[32muser sends a request to create a new book&amp#27;[0m                                                                  &amp#27;[90m# com.bookstore.stepdefs.BookManagementSteps.createBookRequest()&amp#27;[0m
  &amp#27;[32mAnd &amp#27;[0m&amp#27;[32muser fetches book by valid ID&amp#27;[0m                                                                               &amp#27;[90m# com.bookstore.stepdefs.BookManagementSteps.fetchBookByValidId()&amp#27;[0m
  &amp#27;[31mThen &amp#27;[0m&amp#27;[31mverify single book fetch response code is &amp#27;[0m&amp#27;[31m&amp#27;[1m200&amp#27;[0m&amp#27;[31m and book name is &amp#27;[0m&amp#27;[31m&amp#27;[1m"FetchTestBook"&amp#27;[0m                             &amp#27;[90m# com.bookstore.stepdefs.BookManagementSteps.validateSingleBookResponse(int,java.lang.String)&amp#27;[0m
      &amp#27;[31morg.junit.ComparisonFailure: expected:<[FetchTestBook]> but was:<[MyBook1]>
	at org.junit.Assert.assertEquals(Assert.java:117)
	at org.junit.Assert.assertEquals(Assert.java:146)
	at com.bookstore.stepdefs.BookManagementSteps.validateSingleBookResponse(BookManagementSteps.java:175)
	at ✽.verify single book fetch response code is 200 and book name is "FetchTestBook"(classpath:features/BookManagementStep.feature:38)
&amp#27;[0m
]]></system-out>
  </testcase>
  <testcase name="Fetch book using invalid ID" classname="Book Management API Validations" time="0.766">
    <system-out><![CDATA[
@BookManagementFeature @regression @FetchBookByInvalidId @regression
Scenario: Fetch book using invalid ID                                             &amp#27;[90m# features/BookManagementStep.feature:41&amp#27;[0m
  &amp#27;[32mGiven &amp#27;[0m&amp#27;[32ma user signs up and logs in successfully&amp#27;[0m                                  &amp#27;[90m# com.bookstore.stepdefs.BookManagementSteps.signUpAndLogin()&amp#27;[0m
  &amp#27;[32mWhen &amp#27;[0m&amp#27;[32muser fetches book by invalid ID&amp#27;[0m                                            &amp#27;[90m# com.bookstore.stepdefs.BookManagementSteps.fetchBookByInvalidId()&amp#27;[0m
  &amp#27;[32mThen &amp#27;[0m&amp#27;[32mvalidate not found response with code &amp#27;[0m&amp#27;[32m&amp#27;[1m404&amp#27;[0m&amp#27;[32m and message contains &amp#27;[0m&amp#27;[32m&amp#27;[1m"not found"&amp#27;[0m &amp#27;[90m# com.bookstore.stepdefs.BookManagementSteps.validateNotFoundResponse(int,java.lang.String)&amp#27;[0m
]]></system-out>
  </testcase>
  <testcase name="Login attempt before signup should return error" classname="User Sign In and Sign Up API Validations" time="0.046">
    <system-out><![CDATA[
@UserSignUpFlowFeature @regression @LoginBeforeSignUp @regression @smoke
Scenario: Login attempt before signup should return error                                       &amp#27;[90m# features/UserSignUpFlowFeature.feature:5&amp#27;[0m
  &amp#27;[32mWhen &amp#27;[0m&amp#27;[32muser tried to login with noSignUpUser credentials into book store system&amp#27;[0m                 &amp#27;[90m# com.bookstore.stepdefs.AuthSteps.loginWithoutSignup()&amp#27;[0m
  &amp#27;[32mThen &amp#27;[0m&amp#27;[32mverify the login response code is &amp#27;[0m&amp#27;[32m&amp#27;[1m400&amp#27;[0m&amp#27;[32m and message contains &amp#27;[0m&amp#27;[32m&amp#27;[1m"Incorrect email or password"&amp#27;[0m &amp#27;[90m# com.bookstore.stepdefs.AuthSteps.validateLogin(int,java.lang.String)&amp#27;[0m
]]></system-out>
  </testcase>
  <testcase name="Login attempt with missing parameters should return error" classname="User Sign In and Sign Up API Validations" time="0.331">
    <system-out><![CDATA[
@UserSignUpFlowFeature @regression @LoginAPIValidationWithMissingParam @regression
Scenario: Login attempt with missing parameters should return error                             &amp#27;[90m# features/UserSignUpFlowFeature.feature:10&amp#27;[0m
  &amp#27;[32mWhen &amp#27;[0m&amp#27;[32muser tried to login with missingParam credentials into book store system&amp#27;[0m                 &amp#27;[90m# com.bookstore.stepdefs.AuthSteps.loginWithMissingParams()&amp#27;[0m
  &amp#27;[32mThen &amp#27;[0m&amp#27;[32mverify the login response code is &amp#27;[0m&amp#27;[32m&amp#27;[1m400&amp#27;[0m&amp#27;[32m and message contains &amp#27;[0m&amp#27;[32m&amp#27;[1m"Incorrect email or password"&amp#27;[0m &amp#27;[90m# com.bookstore.stepdefs.AuthSteps.validateLogin(int,java.lang.String)&amp#27;[0m
]]></system-out>
  </testcase>
  <testcase name="Sign up as a new user and login with the same credentials" classname="User Sign In and Sign Up API Validations" time="0.744">
    <system-out><![CDATA[
@UserSignUpFlowFeature @regression @SignUpAndLogin @regression @smoke
Scenario: Sign up as a new user and login with the same credentials                          &amp#27;[90m# features/UserSignUpFlowFeature.feature:15&amp#27;[0m
  &amp#27;[32mGiven &amp#27;[0m&amp#27;[32mSign up to the book store as the new user with email and password&amp#27;[0m                    &amp#27;[90m# com.bookstore.stepdefs.AuthSteps.prepareSignUpUser()&amp#27;[0m
  &amp#27;[32mWhen &amp#27;[0m&amp#27;[32mdo the sign up with valid credentials&amp#27;[0m                                                 &amp#27;[90m# com.bookstore.stepdefs.AuthSteps.doValidSignup()&amp#27;[0m
  &amp#27;[32mThen &amp#27;[0m&amp#27;[32mvalidate signup response code is &amp#27;[0m&amp#27;[32m&amp#27;[1m200&amp#27;[0m&amp#27;[32m and message contains &amp#27;[0m&amp#27;[32m&amp#27;[1m"User created successfully"&amp#27;[0m &amp#27;[90m# com.bookstore.stepdefs.AuthSteps.validateSignupSuccess(int,java.lang.String)&amp#27;[0m
  &amp#27;[32mWhen &amp#27;[0m&amp#27;[32muser tried to login with valid credentials into book store system&amp#27;[0m                     &amp#27;[90m# com.bookstore.stepdefs.AuthSteps.loginWithValidCreds()&amp#27;[0m
  &amp#27;[32mThen &amp#27;[0m&amp#27;[32mverify the login response code is &amp#27;[0m&amp#27;[32m&amp#27;[1m200&amp#27;[0m&amp#27;[32m and message contains &amp#27;[0m&amp#27;[32m&amp#27;[1m"access_token"&amp#27;[0m             &amp#27;[90m# com.bookstore.stepdefs.AuthSteps.validateLogin(int,java.lang.String)&amp#27;[0m
]]></system-out>
  </testcase>
  <testcase name="Signup and Login with multiple dynamic users #1" classname="User Sign In and Sign Up API Validations" time="0.765">
    <system-out><![CDATA[
@UserSignUpFlowFeature @regression @SignUpMultipleUsersWithLogin @regression
Scenario Outline: Signup and Login with multiple dynamic users                               &amp#27;[90m# features/UserSignUpFlowFeature.feature:31&amp#27;[0m
  &amp#27;[32mGiven &amp#27;[0m&amp#27;[32mI prepare a unique user with email prefix &amp#27;[0m&amp#27;[32m&amp#27;[1m"vakq1"&amp#27;[0m&amp#27;[32m and password &amp#27;[0m&amp#27;[32m&amp#27;[1m"vakq1"&amp#27;[0m               &amp#27;[90m# com.bookstore.stepdefs.AuthSteps.prepareDynamicUser(java.lang.String,java.lang.String)&amp#27;[0m
  &amp#27;[32mThen &amp#27;[0m&amp#27;[32mvalidate signup response code is &amp#27;[0m&amp#27;[32m&amp#27;[1m200&amp#27;[0m&amp#27;[32m and message contains &amp#27;[0m&amp#27;[32m&amp#27;[1m"User created successfully"&amp#27;[0m &amp#27;[90m# com.bookstore.stepdefs.AuthSteps.validateSignupSuccess(int,java.lang.String)&amp#27;[0m
  &amp#27;[32mWhen &amp#27;[0m&amp#27;[32muser tries to login using the same email prefix &amp#27;[0m&amp#27;[32m&amp#27;[1m"vakq1"&amp#27;[0m&amp#27;[32m and password &amp#27;[0m&amp#27;[32m&amp#27;[1m"vakq1"&amp#27;[0m          &amp#27;[90m# com.bookstore.stepdefs.AuthSteps.loginDynamicUser(java.lang.String,java.lang.String)&amp#27;[0m
  &amp#27;[32mThen &amp#27;[0m&amp#27;[32mverify the login response code is &amp#27;[0m&amp#27;[32m&amp#27;[1m200&amp#27;[0m&amp#27;[32m and message contains &amp#27;[0m&amp#27;[32m&amp#27;[1m"access_token"&amp#27;[0m             &amp#27;[90m# com.bookstore.stepdefs.AuthSteps.validateLogin(int,java.lang.String)&amp#27;[0m
]]></system-out>
  </testcase>
  <testcase name="Signup and Login with multiple dynamic users #2" classname="User Sign In and Sign Up API Validations" time="0.76">
    <system-out><![CDATA[
@UserSignUpFlowFeature @regression @SignUpMultipleUsersWithLogin @regression
Scenario Outline: Signup and Login with multiple dynamic users                               &amp#27;[90m# features/UserSignUpFlowFeature.feature:32&amp#27;[0m
  &amp#27;[32mGiven &amp#27;[0m&amp#27;[32mI prepare a unique user with email prefix &amp#27;[0m&amp#27;[32m&amp#27;[1m"userapi"&amp#27;[0m&amp#27;[32m and password &amp#27;[0m&amp#27;[32m&amp#27;[1m"pass123"&amp#27;[0m           &amp#27;[90m# com.bookstore.stepdefs.AuthSteps.prepareDynamicUser(java.lang.String,java.lang.String)&amp#27;[0m
  &amp#27;[32mThen &amp#27;[0m&amp#27;[32mvalidate signup response code is &amp#27;[0m&amp#27;[32m&amp#27;[1m200&amp#27;[0m&amp#27;[32m and message contains &amp#27;[0m&amp#27;[32m&amp#27;[1m"User created successfully"&amp#27;[0m &amp#27;[90m# com.bookstore.stepdefs.AuthSteps.validateSignupSuccess(int,java.lang.String)&amp#27;[0m
  &amp#27;[32mWhen &amp#27;[0m&amp#27;[32muser tries to login using the same email prefix &amp#27;[0m&amp#27;[32m&amp#27;[1m"userapi"&amp#27;[0m&amp#27;[32m and password &amp#27;[0m&amp#27;[32m&amp#27;[1m"pass123"&amp#27;[0m      &amp#27;[90m# com.bookstore.stepdefs.AuthSteps.loginDynamicUser(java.lang.String,java.lang.String)&amp#27;[0m
  &amp#27;[32mThen &amp#27;[0m&amp#27;[32mverify the login response code is &amp#27;[0m&amp#27;[32m&amp#27;[1m200&amp#27;[0m&amp#27;[32m and message contains &amp#27;[0m&amp#27;[32m&amp#27;[1m"access_token"&amp#27;[0m             &amp#27;[90m# com.bookstore.stepdefs.AuthSteps.validateLogin(int,java.lang.String)&amp#27;[0m
]]></system-out>
  </testcase>
  <testcase name="Signup and Login with multiple dynamic users #3" classname="User Sign In and Sign Up API Validations" time="0.743">
    <system-out><![CDATA[
@UserSignUpFlowFeature @regression @SignUpMultipleUsersWithLogin @regression
Scenario Outline: Signup and Login with multiple dynamic users                               &amp#27;[90m# features/UserSignUpFlowFeature.feature:33&amp#27;[0m
  &amp#27;[32mGiven &amp#27;[0m&amp#27;[32mI prepare a unique user with email prefix &amp#27;[0m&amp#27;[32m&amp#27;[1m"qaauto"&amp#27;[0m&amp#27;[32m and password &amp#27;[0m&amp#27;[32m&amp#27;[1m"Password@1"&amp#27;[0m         &amp#27;[90m# com.bookstore.stepdefs.AuthSteps.prepareDynamicUser(java.lang.String,java.lang.String)&amp#27;[0m
  &amp#27;[32mThen &amp#27;[0m&amp#27;[32mvalidate signup response code is &amp#27;[0m&amp#27;[32m&amp#27;[1m200&amp#27;[0m&amp#27;[32m and message contains &amp#27;[0m&amp#27;[32m&amp#27;[1m"User created successfully"&amp#27;[0m &amp#27;[90m# com.bookstore.stepdefs.AuthSteps.validateSignupSuccess(int,java.lang.String)&amp#27;[0m
  &amp#27;[32mWhen &amp#27;[0m&amp#27;[32muser tries to login using the same email prefix &amp#27;[0m&amp#27;[32m&amp#27;[1m"qaauto"&amp#27;[0m&amp#27;[32m and password &amp#27;[0m&amp#27;[32m&amp#27;[1m"Password@1"&amp#27;[0m    &amp#27;[90m# com.bookstore.stepdefs.AuthSteps.loginDynamicUser(java.lang.String,java.lang.String)&amp#27;[0m
  &amp#27;[32mThen &amp#27;[0m&amp#27;[32mverify the login response code is &amp#27;[0m&amp#27;[32m&amp#27;[1m200&amp#27;[0m&amp#27;[32m and message contains &amp#27;[0m&amp#27;[32m&amp#27;[1m"access_token"&amp#27;[0m             &amp#27;[90m# com.bookstore.stepdefs.AuthSteps.validateLogin(int,java.lang.String)&amp#27;[0m
]]></system-out>
  </testcase>
  <testcase name="Signup with new email id and verify the success and error response" classname="User Sign In and Sign Up API Validations" time="0.471">
    <system-out><![CDATA[
@UserSignUpFlowFeature @regression @SignUpToBookStore @regression
Scenario: Signup with new email id and verify the success and error response                 &amp#27;[90m# features/UserSignUpFlowFeature.feature:36&amp#27;[0m
  &amp#27;[32mGiven &amp#27;[0m&amp#27;[32mSign up to the book store as the new user with email and password&amp#27;[0m                    &amp#27;[90m# com.bookstore.stepdefs.AuthSteps.prepareSignUpUser()&amp#27;[0m
  &amp#27;[32mWhen &amp#27;[0m&amp#27;[32mdo the sign up with valid credentials&amp#27;[0m                                                 &amp#27;[90m# com.bookstore.stepdefs.AuthSteps.doValidSignup()&amp#27;[0m
  &amp#27;[32mThen &amp#27;[0m&amp#27;[32mvalidate signup response code is &amp#27;[0m&amp#27;[32m&amp#27;[1m200&amp#27;[0m&amp#27;[32m and message contains &amp#27;[0m&amp#27;[32m&amp#27;[1m"User created successfully"&amp#27;[0m &amp#27;[90m# com.bookstore.stepdefs.AuthSteps.validateSignupSuccess(int,java.lang.String)&amp#27;[0m
  &amp#27;[32mAnd &amp#27;[0m&amp#27;[32mdo the sign up with old credentials&amp#27;[0m                                                    &amp#27;[90m# com.bookstore.stepdefs.AuthSteps.doSignupWithOldCredentials()&amp#27;[0m
  &amp#27;[32mThen &amp#27;[0m&amp#27;[32mvalidate signup response code is &amp#27;[0m&amp#27;[32m&amp#27;[1m400&amp#27;[0m&amp#27;[32m and message contains &amp#27;[0m&amp#27;[32m&amp#27;[1m"Email already registered"&amp#27;[0m  &amp#27;[90m# com.bookstore.stepdefs.AuthSteps.validateSignupSuccess(int,java.lang.String)&amp#27;[0m
  &amp#27;[32mAnd &amp#27;[0m&amp#27;[32mdo the sign up with newPasswordOnly credentials&amp#27;[0m                                        &amp#27;[90m# com.bookstore.stepdefs.AuthSteps.doSignupWithPasswordOnly()&amp#27;[0m
  &amp#27;[32mThen &amp#27;[0m&amp#27;[32mvalidate signup response code is &amp#27;[0m&amp#27;[32m&amp#27;[1m400&amp#27;[0m&amp#27;[32m and message contains &amp#27;[0m&amp#27;[32m&amp#27;[1m"Email already registered"&amp#27;[0m  &amp#27;[90m# com.bookstore.stepdefs.AuthSteps.validateSignupSuccess(int,java.lang.String)&amp#27;[0m
]]></system-out>
  </testcase>
  <testcase name="Signup validation with duplicate email and same ID" classname="User Sign In and Sign Up API Validations" time="0.778">
    <error message="Failed to parse the JSON document" type="io.restassured.path.json.exception.JsonPathException"><![CDATA[io.restassured.path.json.exception.JsonPathException: Failed to parse the JSON document
	at io.restassured.path.json.JsonPath$ExceptionCatcher.invoke(JsonPath.java:1002)
	at io.restassured.path.json.JsonPath$4.doParseWith(JsonPath.java:967)
	at io.restassured.path.json.JsonPath$JsonParser.parseWith(JsonPath.java:1047)
	at io.restassured.path.json.JsonPath.get(JsonPath.java:202)
	at io.restassured.path.json.JsonPath.getString(JsonPath.java:352)
	at com.bookstore.stepdefs.AuthSteps.validateSignupSuccess(AuthSteps.java:98)
	at ✽.validate signup response code is 500 and message contains "Internal Server Error"(classpath:features/UserSignUpFlowFeature.feature:52)
Caused by: groovy.json.JsonException: Lexing failed on line: 1, column: 1, while reading 'I', no possible valid JSON value or punctuation could be recognized.
	at groovy.json.JsonLexer.nextToken(JsonLexer.java:86)
	at groovy.json.JsonLexer$nextToken.call(Unknown Source)
	at io.restassured.internal.path.json.ConfigurableJsonSlurper.parse(ConfigurableJsonSlurper.groovy:97)
	at io.restassured.internal.path.json.ConfigurableJsonSlurper$parse.callCurrent(Unknown Source)
	at io.restassured.internal.path.json.ConfigurableJsonSlurper.parseText(ConfigurableJsonSlurper.groovy:83)
	at io.restassured.path.json.JsonPath$4$1.method(JsonPath.java:965)
	at io.restassured.path.json.JsonPath$ExceptionCatcher.invoke(JsonPath.java:1000)
	at io.restassured.path.json.JsonPath$4.doParseWith(JsonPath.java:967)
	at io.restassured.path.json.JsonPath$JsonParser.parseWith(JsonPath.java:1047)
	at io.restassured.path.json.JsonPath.get(JsonPath.java:202)
	at io.restassured.path.json.JsonPath.getString(JsonPath.java:352)
	at com.bookstore.stepdefs.AuthSteps.validateSignupSuccess(AuthSteps.java:98)
	at java.base/jdk.internal.reflect.DirectMethodHandleAccessor.invoke(DirectMethodHandleAccessor.java:104)
	at java.base/java.lang.reflect.Method.invoke(Method.java:565)
	at io.cucumber.java.Invoker.doInvoke(Invoker.java:66)
	at io.cucumber.java.Invoker.invoke(Invoker.java:24)
	at io.cucumber.java.AbstractGlueDefinition.invokeMethod(AbstractGlueDefinition.java:47)
	at io.cucumber.java.JavaStepDefinition.execute(JavaStepDefinition.java:29)
	at io.cucumber.core.runner.CoreStepDefinition.execute(CoreStepDefinition.java:66)
	at io.cucumber.core.runner.PickleStepDefinitionMatch.runStep(PickleStepDefinitionMatch.java:63)
	at io.cucumber.core.runner.ExecutionMode$1.execute(ExecutionMode.java:10)
	at io.cucumber.core.runner.TestStep.executeStep(TestStep.java:84)
	at io.cucumber.core.runner.TestStep.run(TestStep.java:56)
	at io.cucumber.core.runner.PickleStepTestStep.run(PickleStepTestStep.java:51)
	at io.cucumber.core.runner.TestCase.run(TestCase.java:84)
	at io.cucumber.core.runner.Runner.runPickle(Runner.java:75)
	at io.cucumber.junit.PickleRunners$NoStepDescriptions.lambda$run$0(PickleRunners.java:151)
	at io.cucumber.core.runtime.CucumberExecutionContext.lambda$runTestCase$5(CucumberExecutionContext.java:130)
	at io.cucumber.core.runtime.RethrowingThrowableCollector.executeAndThrow(RethrowingThrowableCollector.java:23)
	at io.cucumber.core.runtime.CucumberExecutionContext.runTestCase(CucumberExecutionContext.java:130)
	at io.cucumber.junit.PickleRunners$NoStepDescriptions.run(PickleRunners.java:148)
	at io.cucumber.junit.FeatureRunner.runChild(FeatureRunner.java:144)
	at io.cucumber.junit.FeatureRunner.runChild(FeatureRunner.java:28)
	at org.junit.runners.ParentRunner$4.run(ParentRunner.java:331)
	at org.junit.runners.ParentRunner$1.schedule(ParentRunner.java:79)
	at org.junit.runners.ParentRunner.runChildren(ParentRunner.java:329)
	at org.junit.runners.ParentRunner.access$100(ParentRunner.java:66)
	at org.junit.runners.ParentRunner$2.evaluate(ParentRunner.java:293)
	at org.junit.runners.ParentRunner$3.evaluate(ParentRunner.java:306)
	at org.junit.runners.ParentRunner.run(ParentRunner.java:413)
	at io.cucumber.junit.FeatureRunner.run(FeatureRunner.java:137)
	at io.cucumber.junit.Cucumber.runChild(Cucumber.java:196)
	at io.cucumber.junit.Cucumber.runChild(Cucumber.java:89)
	at org.junit.runners.ParentRunner$4.run(ParentRunner.java:331)
	at org.junit.runners.ParentRunner$1.schedule(ParentRunner.java:79)
	at org.junit.runners.ParentRunner.runChildren(ParentRunner.java:329)
	at org.junit.runners.ParentRunner.access$100(ParentRunner.java:66)
	at org.junit.runners.ParentRunner$2.evaluate(ParentRunner.java:293)
	at io.cucumber.junit.Cucumber$RunBeforeAllHooks.evaluate(Cucumber.java:266)
	at io.cucumber.junit.Cucumber$RunAfterAllHooks.evaluate(Cucumber.java:281)
	at io.cucumber.junit.Cucumber$StartTestRun.evaluate(Cucumber.java:233)
	at io.cucumber.junit.Cucumber$FinishTestRun.evaluate(Cucumber.java:248)
	at org.junit.runners.ParentRunner$3.evaluate(ParentRunner.java:306)
	at org.junit.runners.ParentRunner.run(ParentRunner.java:413)
	at org.apache.maven.surefire.junit4.JUnit4Provider.execute(JUnit4Provider.java:316)
	at org.apache.maven.surefire.junit4.JUnit4Provider.executeWithRerun(JUnit4Provider.java:240)
	at org.apache.maven.surefire.junit4.JUnit4Provider.executeTestSet(JUnit4Provider.java:214)
	at org.apache.maven.surefire.junit4.JUnit4Provider.invoke(JUnit4Provider.java:155)
	at org.apache.maven.surefire.booter.ForkedBooter.runSuitesInProcess(ForkedBooter.java:385)
	at org.apache.maven.surefire.booter.ForkedBooter.execute(ForkedBooter.java:162)
	at org.apache.maven.surefire.booter.ForkedBooter.run(ForkedBooter.java:507)
	at org.apache.maven.surefire.booter.ForkedBooter.main(ForkedBooter.java:495)
]]></error>
    <system-out><![CDATA[
@UserSignUpFlowFeature @regression @SignUpDuplicateValidation @regression
Scenario: Signup validation with duplicate email and same ID                                 &amp#27;[90m# features/UserSignUpFlowFeature.feature:46&amp#27;[0m
  &amp#27;[32mGiven &amp#27;[0m&amp#27;[32mI prepare a unique user with email prefix &amp#27;[0m&amp#27;[32m&amp#27;[1m"vakq"&amp#27;[0m&amp#27;[32m and password &amp#27;[0m&amp#27;[32m&amp#27;[1m"vakq"&amp#27;[0m                 &amp#27;[90m# com.bookstore.stepdefs.AuthSteps.prepareDynamicUser(java.lang.String,java.lang.String)&amp#27;[0m
  &amp#27;[32mThen &amp#27;[0m&amp#27;[32mvalidate signup response code is &amp#27;[0m&amp#27;[32m&amp#27;[1m200&amp#27;[0m&amp#27;[32m and message contains &amp#27;[0m&amp#27;[32m&amp#27;[1m"User created successfully"&amp#27;[0m &amp#27;[90m# com.bookstore.stepdefs.AuthSteps.validateSignupSuccess(int,java.lang.String)&amp#27;[0m
  &amp#27;[32mWhen &amp#27;[0m&amp#27;[32mI sign up with the same email and a new ID using prefix &amp#27;[0m&amp#27;[32m&amp#27;[1m"vakq"&amp#27;[0m&amp#27;[32m and password &amp#27;[0m&amp#27;[32m&amp#27;[1m"vakq"&amp#27;[0m    &amp#27;[90m# com.bookstore.stepdefs.AuthSteps.signupWithSameEmail(java.lang.String,java.lang.String)&amp#27;[0m
  &amp#27;[32mThen &amp#27;[0m&amp#27;[32mvalidate signup response code is &amp#27;[0m&amp#27;[32m&amp#27;[1m400&amp#27;[0m&amp#27;[32m and message contains &amp#27;[0m&amp#27;[32m&amp#27;[1m"Email already registered"&amp#27;[0m  &amp#27;[90m# com.bookstore.stepdefs.AuthSteps.validateSignupSuccess(int,java.lang.String)&amp#27;[0m
  &amp#27;[32mWhen &amp#27;[0m&amp#27;[32mI sign up with the same ID and a new email using prefix &amp#27;[0m&amp#27;[32m&amp#27;[1m"vakq"&amp#27;[0m&amp#27;[32m and password &amp#27;[0m&amp#27;[32m&amp#27;[1m"vakq"&amp#27;[0m    &amp#27;[90m# com.bookstore.stepdefs.AuthSteps.signupWithSameId(java.lang.String,java.lang.String)&amp#27;[0m
  &amp#27;[31mThen &amp#27;[0m&amp#27;[31mvalidate signup response code is &amp#27;[0m&amp#27;[31m&amp#27;[1m500&amp#27;[0m&amp#27;[31m and message contains &amp#27;[0m&amp#27;[31m&amp#27;[1m"Internal Server Error"&amp#27;[0m     &amp#27;[90m# com.bookstore.stepdefs.AuthSteps.validateSignupSuccess(int,java.lang.String)&amp#27;[0m
      &amp#27;[31mio.restassured.path.json.exception.JsonPathException: Failed to parse the JSON document
	at io.restassured.path.json.JsonPath$ExceptionCatcher.invoke(JsonPath.java:1002)
	at io.restassured.path.json.JsonPath$4.doParseWith(JsonPath.java:967)
	at io.restassured.path.json.JsonPath$JsonParser.parseWith(JsonPath.java:1047)
	at io.restassured.path.json.JsonPath.get(JsonPath.java:202)
	at io.restassured.path.json.JsonPath.getString(JsonPath.java:352)
	at com.bookstore.stepdefs.AuthSteps.validateSignupSuccess(AuthSteps.java:98)
	at ✽.validate signup response code is 500 and message contains "Internal Server Error"(classpath:features/UserSignUpFlowFeature.feature:52)
Caused by: groovy.json.JsonException: Lexing failed on line: 1, column: 1, while reading 'I', no possible valid JSON value or punctuation could be recognized.
	at groovy.json.JsonLexer.nextToken(JsonLexer.java:86)
	at groovy.json.JsonLexer$nextToken.call(Unknown Source)
	at io.restassured.internal.path.json.ConfigurableJsonSlurper.parse(ConfigurableJsonSlurper.groovy:97)
	at io.restassured.internal.path.json.ConfigurableJsonSlurper$parse.callCurrent(Unknown Source)
	at io.restassured.internal.path.json.ConfigurableJsonSlurper.parseText(ConfigurableJsonSlurper.groovy:83)
	at io.restassured.path.json.JsonPath$4$1.method(JsonPath.java:965)
	at io.restassured.path.json.JsonPath$ExceptionCatcher.invoke(JsonPath.java:1000)
	at io.restassured.path.json.JsonPath$4.doParseWith(JsonPath.java:967)
	at io.restassured.path.json.JsonPath$JsonParser.parseWith(JsonPath.java:1047)
	at io.restassured.path.json.JsonPath.get(JsonPath.java:202)
	at io.restassured.path.json.JsonPath.getString(JsonPath.java:352)
	at com.bookstore.stepdefs.AuthSteps.validateSignupSuccess(AuthSteps.java:98)
	at java.base/jdk.internal.reflect.DirectMethodHandleAccessor.invoke(DirectMethodHandleAccessor.java:104)
	at java.base/java.lang.reflect.Method.invoke(Method.java:565)
	at io.cucumber.java.Invoker.doInvoke(Invoker.java:66)
	at io.cucumber.java.Invoker.invoke(Invoker.java:24)
	at io.cucumber.java.AbstractGlueDefinition.invokeMethod(AbstractGlueDefinition.java:47)
	at io.cucumber.java.JavaStepDefinition.execute(JavaStepDefinition.java:29)
	at io.cucumber.core.runner.CoreStepDefinition.execute(CoreStepDefinition.java:66)
	at io.cucumber.core.runner.PickleStepDefinitionMatch.runStep(PickleStepDefinitionMatch.java:63)
	at io.cucumber.core.runner.ExecutionMode$1.execute(ExecutionMode.java:10)
	at io.cucumber.core.runner.TestStep.executeStep(TestStep.java:84)
	at io.cucumber.core.runner.TestStep.run(TestStep.java:56)
	at io.cucumber.core.runner.PickleStepTestStep.run(PickleStepTestStep.java:51)
	at io.cucumber.core.runner.TestCase.run(TestCase.java:84)
	at io.cucumber.core.runner.Runner.runPickle(Runner.java:75)
	at io.cucumber.junit.PickleRunners$NoStepDescriptions.lambda$run$0(PickleRunners.java:151)
	at io.cucumber.core.runtime.CucumberExecutionContext.lambda$runTestCase$5(CucumberExecutionContext.java:130)
	at io.cucumber.core.runtime.RethrowingThrowableCollector.executeAndThrow(RethrowingThrowableCollector.java:23)
	at io.cucumber.core.runtime.CucumberExecutionContext.runTestCase(CucumberExecutionContext.java:130)
	at io.cucumber.junit.PickleRunners$NoStepDescriptions.run(PickleRunners.java:148)
	at io.cucumber.junit.FeatureRunner.runChild(FeatureRunner.java:144)
	at io.cucumber.junit.FeatureRunner.runChild(FeatureRunner.java:28)
	at org.junit.runners.ParentRunner$4.run(ParentRunner.java:331)
	at org.junit.runners.ParentRunner$1.schedule(ParentRunner.java:79)
	at org.junit.runners.ParentRunner.runChildren(ParentRunner.java:329)
	at org.junit.runners.ParentRunner.access$100(ParentRunner.java:66)
	at org.junit.runners.ParentRunner$2.evaluate(ParentRunner.java:293)
	at org.junit.runners.ParentRunner$3.evaluate(ParentRunner.java:306)
	at org.junit.runners.ParentRunner.run(ParentRunner.java:413)
	at io.cucumber.junit.FeatureRunner.run(FeatureRunner.java:137)
	at io.cucumber.junit.Cucumber.runChild(Cucumber.java:196)
	at io.cucumber.junit.Cucumber.runChild(Cucumber.java:89)
	at org.junit.runners.ParentRunner$4.run(ParentRunner.java:331)
	at org.junit.runners.ParentRunner$1.schedule(ParentRunner.java:79)
	at org.junit.runners.ParentRunner.runChildren(ParentRunner.java:329)
	at org.junit.runners.ParentRunner.access$100(ParentRunner.java:66)
	at org.junit.runners.ParentRunner$2.evaluate(ParentRunner.java:293)
	at io.cucumber.junit.Cucumber$RunBeforeAllHooks.evaluate(Cucumber.java:266)
	at io.cucumber.junit.Cucumber$RunAfterAllHooks.evaluate(Cucumber.java:281)
	at io.cucumber.junit.Cucumber$StartTestRun.evaluate(Cucumber.java:233)
	at io.cucumber.junit.Cucumber$FinishTestRun.evaluate(Cucumber.java:248)
	at org.junit.runners.ParentRunner$3.evaluate(ParentRunner.java:306)
	at org.junit.runners.ParentRunner.run(ParentRunner.java:413)
	at org.apache.maven.surefire.junit4.JUnit4Provider.execute(JUnit4Provider.java:316)
	at org.apache.maven.surefire.junit4.JUnit4Provider.executeWithRerun(JUnit4Provider.java:240)
	at org.apache.maven.surefire.junit4.JUnit4Provider.executeTestSet(JUnit4Provider.java:214)
	at org.apache.maven.surefire.junit4.JUnit4Provider.invoke(JUnit4Provider.java:155)
	at org.apache.maven.surefire.booter.ForkedBooter.runSuitesInProcess(ForkedBooter.java:385)
	at org.apache.maven.surefire.booter.ForkedBooter.execute(ForkedBooter.java:162)
	at org.apache.maven.surefire.booter.ForkedBooter.run(ForkedBooter.java:507)
	at org.apache.maven.surefire.booter.ForkedBooter.main(ForkedBooter.java:495)
&amp#27;[0m
]]></system-out>
  </testcase>
  <testcase name="Signup using multiple dynamic email prefixes and passwords #1" classname="User Sign In and Sign Up API Validations" time="0.409">
    <system-out><![CDATA[
@UserSignUpFlowFeature @regression @SignUpMultipleUsers @regression
Scenario Outline: Signup using multiple dynamic email prefixes and passwords                 &amp#27;[90m# features/UserSignUpFlowFeature.feature:61&amp#27;[0m
  &amp#27;[32mGiven &amp#27;[0m&amp#27;[32mI prepare a unique user with email prefix &amp#27;[0m&amp#27;[32m&amp#27;[1m"vakq1"&amp#27;[0m&amp#27;[32m and password &amp#27;[0m&amp#27;[32m&amp#27;[1m"vakq1"&amp#27;[0m               &amp#27;[90m# com.bookstore.stepdefs.AuthSteps.prepareDynamicUser(java.lang.String,java.lang.String)&amp#27;[0m
  &amp#27;[32mThen &amp#27;[0m&amp#27;[32mvalidate signup response code is &amp#27;[0m&amp#27;[32m&amp#27;[1m200&amp#27;[0m&amp#27;[32m and message contains &amp#27;[0m&amp#27;[32m&amp#27;[1m"User created successfully"&amp#27;[0m &amp#27;[90m# com.bookstore.stepdefs.AuthSteps.validateSignupSuccess(int,java.lang.String)&amp#27;[0m
]]></system-out>
  </testcase>
  <testcase name="Signup using multiple dynamic email prefixes and passwords #2" classname="User Sign In and Sign Up API Validations" time="0.424">
    <system-out><![CDATA[
@UserSignUpFlowFeature @regression @SignUpMultipleUsers @regression
Scenario Outline: Signup using multiple dynamic email prefixes and passwords                 &amp#27;[90m# features/UserSignUpFlowFeature.feature:62&amp#27;[0m
  &amp#27;[32mGiven &amp#27;[0m&amp#27;[32mI prepare a unique user with email prefix &amp#27;[0m&amp#27;[32m&amp#27;[1m"userapi"&amp#27;[0m&amp#27;[32m and password &amp#27;[0m&amp#27;[32m&amp#27;[1m"pass123"&amp#27;[0m           &amp#27;[90m# com.bookstore.stepdefs.AuthSteps.prepareDynamicUser(java.lang.String,java.lang.String)&amp#27;[0m
  &amp#27;[32mThen &amp#27;[0m&amp#27;[32mvalidate signup response code is &amp#27;[0m&amp#27;[32m&amp#27;[1m200&amp#27;[0m&amp#27;[32m and message contains &amp#27;[0m&amp#27;[32m&amp#27;[1m"User created successfully"&amp#27;[0m &amp#27;[90m# com.bookstore.stepdefs.AuthSteps.validateSignupSuccess(int,java.lang.String)&amp#27;[0m
]]></system-out>
  </testcase>
  <testcase name="Signup using multiple dynamic email prefixes and passwords #3" classname="User Sign In and Sign Up API Validations" time="0.439">
    <system-out><![CDATA[
@UserSignUpFlowFeature @regression @SignUpMultipleUsers @regression
Scenario Outline: Signup using multiple dynamic email prefixes and passwords                 &amp#27;[90m# features/UserSignUpFlowFeature.feature:63&amp#27;[0m
  &amp#27;[32mGiven &amp#27;[0m&amp#27;[32mI prepare a unique user with email prefix &amp#27;[0m&amp#27;[32m&amp#27;[1m"qaauto"&amp#27;[0m&amp#27;[32m and password &amp#27;[0m&amp#27;[32m&amp#27;[1m"Password@1"&amp#27;[0m         &amp#27;[90m# com.bookstore.stepdefs.AuthSteps.prepareDynamicUser(java.lang.String,java.lang.String)&amp#27;[0m
  &amp#27;[32mThen &amp#27;[0m&amp#27;[32mvalidate signup response code is &amp#27;[0m&amp#27;[32m&amp#27;[1m200&amp#27;[0m&amp#27;[32m and message contains &amp#27;[0m&amp#27;[32m&amp#27;[1m"User created successfully"&amp#27;[0m &amp#27;[90m# com.bookstore.stepdefs.AuthSteps.validateSignupSuccess(int,java.lang.String)&amp#27;[0m
]]></system-out>
  </testcase>
</testsuite>